# dmidecode 3.2
Getting SMBIOS data from sysfs.
SMBIOS 3.1.1 present.

Handle 0x0008, DMI type 8, 9 bytes
Port Connector Information
	Internal Reference Designator: J137
	Internal Connector Type: None
	External Reference Designator: Keyboard
	External Connector Type: PS/2
	Port Type: Keyboard Port

Handle 0x0009, DMI type 8, 9 bytes
Port Connector Information
	Internal Reference Designator: J140
	Internal Connector Type: None
	External Reference Designator: Touch pad
	External Connector Type: PS/2
	Port Type: Mouse Port

Handle 0x000A, DMI type 8, 9 bytes
Port Connector Information
	Internal Reference Designator: J7
	Internal Connector Type: None
	External Reference Designator: ISP CAM
	External Connector Type: Other
	Port Type: Other

Handle 0x000B, DMI type 8, 9 bytes
Port Connector Information
	Internal Reference Designator: J49
	Internal Connector Type: None
	External Reference Designator: USB 3.1 A P0
	External Connector Type: Access Bus (USB)
	Port Type: USB

Handle 0x000C, DMI type 8, 9 bytes
Port Connector Information
	Internal Reference Designator: J70
	Internal Connector Type: None
	External Reference Designator: USB 3.1 A P1
	External Connector Type: Access Bus (USB)
	Port Type: USB

Handle 0x000D, DMI type 8, 9 bytes
Port Connector Information
	Internal Reference Designator: J39
	Internal Connector Type: None
	External Reference Designator: USB 3.1 Type-C P0
	External Connector Type: USB Type-C Receptacle
	Port Type: USB

Handle 0x000E, DMI type 8, 9 bytes
Port Connector Information
	Internal Reference Designator: J43
	Internal Connector Type: None
	External Reference Designator: USB 3.1 Type-C P1 
	External Connector Type: USB Type-C Receptacle
	Port Type: USB

Handle 0x000F, DMI type 8, 9 bytes
Port Connector Information
	Internal Reference Designator: J115
	Internal Connector Type: None
	External Reference Designator: Network
	External Connector Type: RJ-45
	Port Type: Network Port

Handle 0x0010, DMI type 8, 9 bytes
Port Connector Information
	Internal Reference Designator: J136
	Internal Connector Type: SAS/SATA Plug Receptacle
	External Reference Designator: Sata HDD
	External Connector Type: SAS/SATA Plug Receptacle
	Port Type: SATA

Handle 0x0011, DMI type 8, 9 bytes
Port Connector Information
	Internal Reference Designator: J138
	Internal Connector Type: SAS/SATA Plug Receptacle
	External Reference Designator: Sata ODD
	External Connector Type: SAS/SATA Plug Receptacle
	Port Type: SATA

Handle 0x0012, DMI type 8, 9 bytes
Port Connector Information
	Internal Reference Designator: J6
	Internal Connector Type: None
	External Reference Designator: DP CONN
	External Connector Type: None
	Port Type: Video Port

Handle 0x0013, DMI type 8, 9 bytes
Port Connector Information
	Internal Reference Designator: J9
	Internal Connector Type: None
	External Reference Designator: eDP CONN
	External Connector Type: None
	Port Type: Video Port

Handle 0x0014, DMI type 8, 9 bytes
Port Connector Information
	Internal Reference Designator: J129
	Internal Connector Type: None
	External Reference Designator: Microphone
	External Connector Type: Mini Jack (headphones)
	Port Type: Audio Port

Handle 0x0015, DMI type 8, 9 bytes
Port Connector Information
	Internal Reference Designator: J120
	Internal Connector Type: None
	External Reference Designator: Headphone
	External Connector Type: Mini Jack (headphones)
	Port Type: Audio Port

Handle 0x0016, DMI type 8, 9 bytes
Port Connector Information
	Internal Reference Designator: J125
	Internal Connector Type: None
	External Reference Designator: USB 2.0 A P0/1
	External Connector Type: Access Bus (USB)
	Port Type: USB

Handle 0x0017, DMI type 8, 9 bytes
Port Connector Information
	Internal Reference Designator: J126
	Internal Connector Type: None
	External Reference Designator: USB 2.0 A P2/3
	External Connector Type: Access Bus (USB)
	Port Type: USB

Handle 0x0018, DMI type 8, 9 bytes
Port Connector Information
	Internal Reference Designator: J119
	Internal Connector Type: None
	External Reference Designator: Micro USB
	External Connector Type: Access Bus (USB)
	Port Type: USB

